<?xml version="1.0" encoding="UTF-8"?>
<testng-results ignored="0" total="1" passed="1" failed="0" skipped="0">
  <reporter-output>
  </reporter-output>
  <suite started-at="2025-10-07T11:32:21 IST" name="Surefire suite" finished-at="2025-10-07T11:32:31 IST" duration-ms="10171">
    <groups>
    </groups>
    <test started-at="2025-10-07T11:32:21 IST" name="Surefire test" finished-at="2025-10-07T11:32:31 IST" duration-ms="10171">
      <class name="tests.FirstTest">
        <test-method is-config="true" signature="setUp()[pri:0, instance:tests.FirstTest@78aab498]" started-at="2025-10-07T11:32:21 IST" name="setUp" finished-at="2025-10-07T11:32:27 IST" duration-ms="6160" status="PASS">
          <reporter-output>
          </reporter-output>
        </test-method> <!-- setUp -->
        <test-method signature="verifyTitle()[pri:0, instance:tests.FirstTest@78aab498]" started-at="2025-10-07T11:32:27 IST" name="verifyTitle" finished-at="2025-10-07T11:32:31 IST" duration-ms="3691" status="PASS">
          <reporter-output>
          </reporter-output>
        </test-method> <!-- verifyTitle -->
        <test-method is-config="true" signature="tearDown()[pri:0, instance:tests.FirstTest@78aab498]" started-at="2025-10-07T11:32:31 IST" name="tearDown" finished-at="2025-10-07T11:32:31 IST" duration-ms="263" status="PASS">
          <reporter-output>
          </reporter-output>
        </test-method> <!-- tearDown -->
      </class> <!-- tests.FirstTest -->
    </test> <!-- Surefire test -->
  </suite> <!-- Surefire suite -->
</testng-results>
