<?xml version="1.0" encoding="UTF-8"?>
<testng-results ignored="0" total="1" passed="1" failed="0" skipped="0">
  <reporter-output>
  </reporter-output>
  <suite started-at="2025-11-05T14:54:00 IST" name="Default suite" finished-at="2025-11-05T14:54:08 IST" duration-ms="7845">
    <groups>
    </groups>
    <test started-at="2025-11-05T14:54:00 IST" name="Default test" finished-at="2025-11-05T14:54:08 IST" duration-ms="7845">
      <class name="tests.FirstTest">
        <test-method is-config="true" signature="setUp()[pri:0, instance:tests.FirstTest@6adbc9d]" started-at="2025-11-05T14:54:00 IST" name="setUp" finished-at="2025-11-05T14:54:05 IST" duration-ms="4272" status="PASS">
          <reporter-output>
          </reporter-output>
        </test-method> <!-- setUp -->
        <test-method signature="verifyTitle()[pri:0, instance:tests.FirstTest@6adbc9d]" started-at="2025-11-05T14:54:05 IST" name="verifyTitle" finished-at="2025-11-05T14:54:08 IST" duration-ms="3162" status="PASS">
          <reporter-output>
          </reporter-output>
        </test-method> <!-- verifyTitle -->
        <test-method is-config="true" signature="tearDown()[pri:0, instance:tests.FirstTest@6adbc9d]" started-at="2025-11-05T14:54:08 IST" name="tearDown" finished-at="2025-11-05T14:54:08 IST" duration-ms="352" status="PASS">
          <reporter-output>
          </reporter-output>
        </test-method> <!-- tearDown -->
      </class> <!-- tests.FirstTest -->
    </test> <!-- Default test -->
  </suite> <!-- Default suite -->
</testng-results>
